make all --print-data-base --no-builtin-variables --no-builtin-rules --question
# GNU Make 3.81
# Copyright (C) 2006  Free Software Foundation, Inc.
# This is free software; see the source for copying conditions.
# There is NO warranty; not even for MERCHANTABILITY or FITNESS FOR A
# PARTICULAR PURPOSE.

# This program built for i386-apple-darwin11.3.0

# Make data base, printed on Tue Dec 28 18:21:43 2021

# Variables

# automatic
<D = $(patsubst %/,%,$(dir $<))
# automatic
?F = $(notdir $?)
# makefile (from `Makefile', line 56)
.SHELLFLAGS = -ec
# environment
VSCODE_LOG_NATIVE = false
# automatic
?D = $(patsubst %/,%,$(dir $?))
# makefile (from `Makefile', line 136)
PROJECT_DIR := /Users/almatuck/workspaces/localrivet/k8sly-operator
# automatic
@D = $(patsubst %/,%,$(dir $@))
# automatic
@F = $(notdir $@)
# makefile
CURDIR := /Users/almatuck/workspaces/localrivet/k8sly-operator
# makefile (from `Makefile', line 55)
SHELL = /usr/bin/env bash -o pipefail
# environment
VSCODE_NLS_CONFIG = {"locale":"en-us","availableLanguages":{},"_languagePackSupport":true}
# environment
_ = /usr/bin/make
# environment
VSCODE_PID = 12353
# environment
arch = amd64
# environment
GITHUB_TOKEN = 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
# makefile (from `Makefile', line 1)
MAKEFILE_LIST :=  Makefile
# environment
CLIENT_GUIDELINES_CONFIG = /Users/almatuck/workspaces/hireright/guidelines/env/config.example.yaml
# makefile (from `Makefile', line 165)
OPM = ./bin/opm
# environment
VSCODE_AMD_ENTRYPOINT = vs/workbench/services/extensions/node/extensionHostProcess
# makefile (from `Makefile', line 6)
VERSION = 0.0.1
# environment
VSCODE_VERBOSE_LOGGING = true
# environment
__CFBundleIdentifier = com.microsoft.VSCode
# environment
VSCODE_IPC_HOOK_EXTHOST = /var/folders/p3/3g61cfqj15vb1zjgq9gt0tnr0000gn/T/vscode-ipc-de67e397-40b7-4235-b73d-877e93156251.sock
# environment
VSCODE_CWD = /
# environment
GOPROXY = https://proxy.golang.org,direct
# makefile (from `Makefile', line 137)
go-get-tool = @[ -f $(1) ] || { set -e ; TMP_DIR=$$(mktemp -d) ; cd $$TMP_DIR ; go mod init tmp ; echo "Downloading $(2)" ; GOBIN=$(PROJECT_DIR)/bin go get $(2) ; rm -rf $$TMP_DIR ; }
# environment
PATH = /usr/local/opt/openssl@3/bin:/usr/local/opt/go@1.16/bin:/Users/almatuck/.serverless/bin:/usr/local/bin:/usr/bin:/bin:/usr/sbin:/sbin:/Users/almatuck/go/bin:/usr/local/kubebuilder/bin
# environment
LSCOLORS = Gxfxcxdxbxegedabagacad
# environment
AWS_ECR_USERNAM = AWS
# environment
GOPATH = /Users/almatuck/go
# environment
VSCODE_LOG_STACK = false
# environment
ELECTRON_RUN_AS_NODE = 1
# environment
ECOMM_CONFIG = /Users/almatuck/workspaces/localrivet/ecomm/env/config.example.yaml
# default
.FEATURES := target-specific order-only second-expansion else-if archives jobserver check-symlink
# makefile (from `Makefile', line 123)
CONTROLLER_GEN = $(shell pwd)/bin/controller-gen
# environment
SSH_AUTH_SOCK = /private/tmp/com.apple.launchd.BsOfNcecn6/Listeners
# makefile (from `Makefile', line 186)
CATALOG_IMG = $(IMAGE_TAG_BASE)-catalog:v$(VERSION)
# automatic
%F = $(notdir $%)
# makefile (from `Makefile', line 47)
GOBIN = $(shell go env GOPATH)/bin
# environment
VSCODE_PIPE_LOGGING = true
# makefile (from `Makefile', line 183)
BUNDLE_IMGS = $(BUNDLE_IMG)
# environment
PWD = /Users/almatuck/workspaces/localrivet/k8sly-operator
# environment
ORIGINAL_XDG_CURRENT_DESKTOP = undefined
# environment
GOMODCACHE = /Users/almatuck/go/pkg/mod
# environment
HOME = /Users/almatuck
# default
MAKEFILEPATH = $(shell /usr/bin/xcode-select -print-path 2>/dev/null || echo /Developer)/Makefiles
# environment
VSCODE_CODE_CACHE_PATH = /Users/almatuck/Library/Application Support/Code/CachedData/899d46d82c4c95423fb7e10e68eba52050e30ba3
# environment
ECOMM_DEV_AWS_ACCESS_KEY_ID = AKIATZGHTDTPA4E3T4EA
# environment
LOGNAME = almatuck
# environment
APPLICATION_INSIGHTS_NO_DIAGNOSTIC_CHANNEL = true
# environment
NVM_CD_FLAGS = -q
# environment
ZSH = /Users/almatuck/.oh-my-zsh
# environment
VSCODE_HANDLES_UNCAUGHT_ERRORS = true
# automatic
^D = $(patsubst %/,%,$(dir $^))
# environment
XPC_FLAGS = 0x0
# environment
GOOSE_DRIVER = mysql
# default
MAKE = $(MAKE_COMMAND)
# default
MAKECMDGOALS := all
# environment
SHLVL = 1
# environment
AWS_PROFILE = ecomm
# default
MAKE_VERSION := 3.81
# environment
USER = almatuck
# makefile
.DEFAULT_GOAL := all
# environment
LESS = -R
# automatic
%D = $(patsubst %/,%,$(dir $%))
# environment
ECOMM_DEV_AWS_SECRET_ACCESS_KEY = iVHOM5SizacA/WYY5t7owLYJX4HSTLoOh8ut4uS+
# default
MAKE_COMMAND := /Library/Developer/CommandLineTools/usr/bin/make
# makefile (from `Makefile', line 127)
KUSTOMIZE = $(shell pwd)/bin/kustomize
# default
.VARIABLES := 
# environment
TMPDIR = /var/folders/p3/3g61cfqj15vb1zjgq9gt0tnr0000gn/T/
# automatic
*F = $(notdir $*)
# makefile (from `Makefile', line 40)
IMG = 127.0.0.1:5000/controller:latest
# makefile (from `Makefile', line 25)
BUNDLE_METADATA_OPTS = $(BUNDLE_CHANNELS) $(BUNDLE_DEFAULT_CHANNEL)
# environment
VSCODE_IPC_HOOK = /Users/almatuck/Library/Application Support/Code/1.63.2-main.sock
# environment
AWS_ECR_REGION = us-west-1
# makefile
MAKEFLAGS = Rrqp
# environment
HUNIPURE_GITHUB_TOKEN = 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
# environment
MFLAGS = -Rrqp
# automatic
*D = $(patsubst %/,%,$(dir $*))
# environment
NVM_DIR = /Users/almatuck/.nvm
# environment
XPC_SERVICE_NAME = application.com.microsoft.VSCode.31011429.31011435
# automatic
+D = $(patsubst %/,%,$(dir $+))
# automatic
+F = $(notdir $+)
# makefile (from `Makefile', line 131)
ENVTEST = $(shell pwd)/bin/setup-envtest
# environment
__CF_USER_TEXT_ENCODING = 0x1F5:0x0:0x0
# environment
COMMAND_MODE = unix2003
# environment
GITHUB_USER = localrivet
# default
MAKEFILES := 
# automatic
<F = $(notdir $<)
# environment
PAGER = less
# makefile (from `Makefile', line 36)
BUNDLE_IMG = $(IMAGE_TAG_BASE)-bundle:v$(VERSION)
# environment
LC_ALL = C
# environment
ECOMM_DEV_AWS_DEFAULT_REGION = us-west-1
# environment
API_CONFIG = /Users/almatuck/workspaces/crowdgains/core-api/env/config.local.yaml
# automatic
^F = $(notdir $^)
# default
SUFFIXES := 
# environment
AWS_ECR_PATH = 260264107230.dkr.ecr.us-west-1.amazonaws.com
# environment
GOOSE_DBSTRING = root:test@tcp(localhost:6603)/rule_test?parseTime=true
# default
.INCLUDE_DIRS = /usr/local/include
# makefile (from `Makefile', line 32)
IMAGE_TAG_BASE = commerce.k8sly.com/k8sly-operator
# environment
MAKELEVEL := 0
# environment
LANG = C
# makefile (from `Makefile', line 43)
ENVTEST_K8S_VERSION = 1.22
# environment
os = darwin
# variable set hash-table stats:
# Load=104/1024=10%, Rehash=0, Collisions=3/155=2%

# Pattern-specific Variable Values

# No pattern-specific variable values.

# Directories

# ./bin (device 16777221, inode 31868325): 6 files, no impossibilities.
# . (device 16777221, inode 31866103): 19 files, no impossibilities.

# 25 files, no impossibilities in 2 directories.

# Implicit Rules

# No implicit rules.

# Files

envtest:
#  Implicit rule search has not been done.
#  Modification time never checked.
#  File has not been updated.
#  commands to execute (from `Makefile', line 133):
	$(call go-get-tool,$(ENVTEST),sigs.k8s.io/controller-runtime/tools/setup-envtest@latest)
	

all: build
#  Command-line target.
#  Implicit rule search has been done.
#  File does not exist.
#  File has been updated.
#  Needs to be updated (-q is set).
# variable set hash-table stats:
# Load=0/32=0%, Rehash=0, Collisions=0/8=0%

catalog-push:
#  Phony target (prerequisite of .PHONY).
#  Implicit rule search has not been done.
#  File does not exist.
#  File has not been updated.
#  commands to execute (from `Makefile', line 203):
	$(MAKE) docker-push IMG=$(CATALOG_IMG)
	

docker-build: test
#  Implicit rule search has not been done.
#  Modification time never checked.
#  File has not been updated.
#  commands to execute (from `Makefile', line 102):
	docker build -t ${IMG} .
	

.PHONY: bundle bundle-build bundle-push opm catalog-build catalog-push
#  Implicit rule search has not been done.
#  Modification time never checked.
#  File has not been updated.

opm:
#  Phony target (prerequisite of .PHONY).
#  Implicit rule search has not been done.
#  File does not exist.
#  File has not been updated.
 
#  commands to execute (from `Makefile', line 169):
	@{ \
	set -e ;\
	mkdir -p $(dir $(OPM)) ;\
	OS=$(shell go env GOOS) && ARCH=$(shell go env GOARCH) && \
	curl -sSLo $(OPM) https://github.com/operator-framework/operator-registry/releases/download/v1.15.1/$${OS}-$${ARCH}-opm ;\
	chmod +x $(OPM) ;\
	}
	

bundle: manifests kustomize
#  Phony target (prerequisite of .PHONY).
#  Implicit rule search has not been done.
#  File does not exist.
#  File has not been updated.
#  commands to execute (from `Makefile', line 151):
	operator-sdk generate kustomize manifests -q
	cd config/manager && $(KUSTOMIZE) edit set image controller=$(IMG)
	$(KUSTOMIZE) build config/manifests | operator-sdk generate bundle -q --overwrite --version $(VERSION) $(BUNDLE_METADATA_OPTS)
	operator-sdk bundle validate ./bundle
	

# Not a target:
.SUFFIXES:
#  Implicit rule search has not been done.
#  Modification time never checked.
#  File has not been updated.

uninstall: manifests kustomize
#  Implicit rule search has not been done.
#  Modification time never checked.
#  File has not been updated.
#  commands to execute (from `Makefile', line 113):
	$(KUSTOMIZE) build config/crd | kubectl delete -f -
	

# Not a target:
Makefile:
#  Implicit rule search has been done.
#  Last modified 2021-12-25 19:40:15
#  File has been updated.
#  Successfully updated.
# variable set hash-table stats:
# Load=0/32=0%, Rehash=0, Collisions=0/0=0%

test: manifests generate fmt vet envtest
#  Implicit rule search has not been done.
#  Modification time never checked.
#  File has not been updated.
#  commands to execute (from `Makefile', line 91):
	KUBEBUILDER_ASSETS="$(shell $(ENVTEST) use $(ENVTEST_K8S_VERSION) -p path)" go test ./... -coverprofile cover.out
	

bundle-push:
#  Phony target (prerequisite of .PHONY).
#  Implicit rule search has not been done.
#  File does not exist.
#  File has not been updated.
#  commands to execute (from `Makefile', line 162):
	$(MAKE) docker-push IMG=$(BUNDLE_IMG)
	

catalog-build: opm
#  Phony target (prerequisite of .PHONY).
#  Implicit rule search has not been done.
#  File does not exist.
#  File has not been updated.
#  commands to execute (from `Makefile', line 198):
	$(OPM) index add --container-tool docker --mode semver --tag $(CATALOG_IMG) --bundles $(BUNDLE_IMGS) $(FROM_INDEX_OPT)
	

build: generate fmt vet
#  Implicit rule search has not been done.
#  File does not exist.
#  File has been updated.
#  Needs to be updated (-q is set).
# variable set hash-table stats:
# Load=0/32=0%, Rehash=0, Collisions=0/8=0%
#  commands to execute (from `Makefile', line 96):
	go build -o bin/manager main.go
	

vet:
#  Implicit rule search has not been done.
#  Modification time never checked.
#  File has not been updated.
#  commands to execute (from `Makefile', line 88):
	go vet ./...
	

help:
#  Implicit rule search has not been done.
#  Modification time never checked.
#  File has not been updated.
#  commands to execute (from `Makefile', line 74):
	@awk 'BEGIN {FS = ":.*##"; printf "\nUsage:\n  make \033[36m<target>\033[0m\n"} /^[a-zA-Z_0-9-]+:.*?##/ { printf "  \033[36m%-15s\033[0m %s\n", $$1, $$2 } /^##@/ { printf "\n\033[1m%s\033[0m\n", substr($$0, 5) } ' $(MAKEFILE_LIST)
	

kustomize:
#  Implicit rule search has not been done.
#  Modification time never checked.
#  File has not been updated.
#  commands to execute (from `Makefile', line 129):
	$(call go-get-tool,$(KUSTOMIZE),sigs.k8s.io/kustomize/kustomize/v3@v3.8.7)
	

generate: controller-gen
#  Implicit rule search has not been done.
#  File does not exist.
#  File has been updated.
#  Needs to be updated (-q is set).
# variable set hash-table stats:
# Load=0/32=0%, Rehash=0, Collisions=0/8=0%
#  commands to execute (from `Makefile', line 82):
	$(CONTROLLER_GEN) object:headerFile="hack/boilerplate.go.txt" paths="./..."
	

undeploy:
#  Implicit rule search has not been done.
#  Modification time never checked.
#  File has not been updated.
#  commands to execute (from `Makefile', line 120):
	$(KUSTOMIZE) build config/default | kubectl delete -f -
	

manifests: controller-gen
#  Implicit rule search has not been done.
#  Modification time never checked.
#  File has not been updated.
#  commands to execute (from `Makefile', line 79):
	$(CONTROLLER_GEN) rbac:roleName=manager-role crd webhook paths="./..." output:crd:artifacts:config=config/crd/bases
	

# Not a target:
.DEFAULT:
#  Implicit rule search has not been done.
#  Modification time never checked.
#  File has not been updated.

run: manifests generate fmt vet
#  Implicit rule search has not been done.
#  Modification time never checked.
#  File has not been updated.
#  commands to execute (from `Makefile', line 99):
	go run ./main.go
	

bundle-build:
#  Phony target (prerequisite of .PHONY).
#  Implicit rule search has not been done.
#  File does not exist.
#  File has not been updated.
#  commands to execute (from `Makefile', line 158):
	docker build -f bundle.Dockerfile -t $(BUNDLE_IMG) .
	

fmt:
#  Implicit rule search has not been done.
#  Modification time never checked.
#  File has not been updated.
#  commands to execute (from `Makefile', line 85):
	go fmt ./...
	

deploy: manifests kustomize
#  Implicit rule search has not been done.
#  Modification time never checked.
#  File has not been updated.
#  commands to execute (from `Makefile', line 116):
	cd config/manager && $(KUSTOMIZE) edit set image controller=${IMG}
	$(KUSTOMIZE) build config/default | kubectl apply -f -
	

controller-gen:
#  Implicit rule search has not been done.
#  Implicit/static pattern stem: `'
#  File does not exist.
#  File has been updated.
#  Needs to be updated (-q is set).
# automatic
# @ := controller-gen
# automatic
# % := 
# automatic
# * := 
# automatic
# + := 
# automatic
# | := 
# automatic
# < := 
# automatic
# ^ := 
# automatic
# ? := 
# variable set hash-table stats:
# Load=8/32=25%, Rehash=0, Collisions=2/16=12%
#  commands to execute (from `Makefile', line 125):
	$(call go-get-tool,$(CONTROLLER_GEN),sigs.k8s.io/controller-tools/cmd/controller-gen@v0.7.0)
	

docker-push:
#  Implicit rule search has not been done.
#  Modification time never checked.
#  File has not been updated.
#  commands to execute (from `Makefile', line 105):
	docker push ${IMG}
	

install: manifests kustomize
#  Implicit rule search has not been done.
#  Modification time never checked.
#  File has not been updated.
#  commands to execute (from `Makefile', line 110):
	$(KUSTOMIZE) build config/crd | kubectl apply -f -
	

# files hash-table stats:
# Load=28/1024=3%, Rehash=0, Collisions=3/78=4%
# VPATH Search Paths

# No `vpath' search paths.

# No general (`VPATH' variable) search path.

# # of strings in strcache: 1
# # of strcache buffers: 1
# strcache size: total = 4096 / max = 4096 / min = 4096 / avg = 4096
# strcache free: total = 4087 / max = 4087 / min = 4087 / avg = 4087

# Finished Make data base on Tue Dec 28 18:21:43 2021

 
